#
# There is insufficient memory for the Java Runtime Environment to continue.
# Native memory allocation (mmap) failed to map 536870912 bytes for Failed to commit area from 0x000000042bc00000 to 0x000000044bc00000 of length 536870912.
# Possible reasons:
#   The system is out of physical RAM or swap space
#   The process is running with CompressedOops enabled, and the Java Heap may be blocking the growth of the native heap
# Possible solutions:
#   Reduce memory load on the system
#   Increase physical memory or swap space
#   Check if swap backing store is full
#   Decrease Java heap size (-Xmx/-Xms)
#   Decrease number of Java threads
#   Decrease Java thread stack sizes (-Xss)
#   Set larger code cache with -XX:ReservedCodeCacheSize=
# This output file may be truncated or incomplete.
#
#  Out of Memory Error (./src/hotspot/os/windows/os_windows.cpp:3301), pid=5692, tid=17724
#
# JRE version:  (11.0.10+9) (build )
# Java VM: Dynamic Code Evolution 64-Bit Server VM (11.0.10+9-b1341.41, mixed mode, sharing, tiered, compressed oops, g1 gc, windows-amd64)
# No core dump will be written. Minidumps are not enabled by default on client versions of Windows
#

---------------  S U M M A R Y ------------

Command Line: org.jetbrains.git4idea.http.GitAskPassApp Password for 'https://Art3609@bitbucket.org': 

Host: Intel(R) Core(TM) i7-7700K CPU @ 4.20GHz, 8 cores, 31G,  Windows 10 , 64 bit Build 19041 (10.0.19041.1023)
Time: Fri Aug  6 13:36:50 2021 Russia TZ 2 Standard Time elapsed time: 0.012689 seconds (0d 0h 0m 0s)

---------------  T H R E A D  ---------------

Current thread (0x0000017afbb75000):  JavaThread "Unknown thread" [_thread_in_vm, id=17724, stack(0x0000000685900000,0x0000000685a00000)]

Stack: [0x0000000685900000,0x0000000685a00000]
Native frames: (J=compiled Java code, j=interpreted, Vv=VM code, C=native code)
V  [jvm.dll+0x5f84fa]
V  [jvm.dll+0x77e085]
V  [jvm.dll+0x77f5dd]
V  [jvm.dll+0x77fc93]
V  [jvm.dll+0x2457e8]
V  [jvm.dll+0x5f58f4]
V  [jvm.dll+0x5ea975]
V  [jvm.dll+0x30228b]
V  [jvm.dll+0x3021fa]
V  [jvm.dll+0x3020d2]
V  [jvm.dll+0x306fb6]
V  [jvm.dll+0x34f843]
V  [jvm.dll+0x34ff46]
V  [jvm.dll+0x34f943]
V  [jvm.dll+0x2dbcb8]
V  [jvm.dll+0x2dce57]
V  [jvm.dll+0x75c4d7]
V  [jvm.dll+0x75dd6c]
V  [jvm.dll+0x35cdb9]
V  [jvm.dll+0x73fc9e]
V  [jvm.dll+0x3c5663]
V  [jvm.dll+0x3c7a21]
C  [jli.dll+0x5373]
C  [ucrtbase.dll+0x21bb2]
C  [KERNEL32.dll+0x17034]
C  [ntdll.dll+0x52651]


---------------  P R O C E S S  ---------------

Threads class SMR info:
_java_thread_list=0x0000017af9aca790, length=0, elements={
}

Java Threads: ( => current thread )

Other Threads:
  0x0000017afbb8d800 GCTaskThread "GC Thread#0" [stack: 0x0000000685a00000,0x0000000685b00000] [id=18980]
  0x0000017afbc0d800 ConcurrentGCThread "G1 Main Marker" [stack: 0x0000000685b00000,0x0000000685c00000] [id=5484]
  0x0000017afbc10000 ConcurrentGCThread "G1 Conc#0" [stack: 0x0000000685c00000,0x0000000685d00000] [id=18108]

[error occurred during error reporting (printing all threads), id 0xc0000005, EXCEPTION_ACCESS_VIOLATION (0xc0000005) at pc=0x00007ffa587dc437]

VM state:not at safepoint (not fully initialized)

VM Mutex/Monitor currently owned by a thread:  ([mutex/lock_event])
[0x0000017afbb70f30] Heap_lock - owner thread: 0x0000017afbb75000

Heap address: 0x000000042bc00000, size: 8164 MB, Compressed Oops mode: Non-zero based: 0x000000042bc00000
Narrow klass base: 0x0000000000000000, Narrow klass shift: 0

GC Heap History (0 events):
No events

Deoptimization events (0 events):
No events

Classes redefined (0 events):
No events

Internal exceptions (0 events):
No events

Events (1 events):
Event: 0.008 Loaded shared library C:\Users\ukr_temp\AppData\Local\JetBrains\IntelliJ IDEA Community Edition 2021.1.1\jbr\bin\zip.dll


Dynamic libraries:
0x00007ff6dbec0000 - 0x00007ff6dbeca000 	C:\Users\ukr_temp\AppData\Local\JetBrains\IntelliJ IDEA Community Edition 2021.1.1\jbr\bin\java.exe
0x00007ffa9c450000 - 0x00007ffa9c645000 	C:\Windows\SYSTEM32\ntdll.dll
0x00007ffa9c350000 - 0x00007ffa9c40d000 	C:\Windows\System32\KERNEL32.dll
0x00007ffa99880000 - 0x00007ffa99999000 	C:\Windows\system32\hmpalert.dll
0x00007ffa9a0e0000 - 0x00007ffa9a3a9000 	C:\Windows\System32\KERNELBASE.dll
0x00007ffa99d70000 - 0x00007ffa99e70000 	C:\Windows\System32\ucrtbase.dll
0x00007ffa6d730000 - 0x00007ffa6d749000 	C:\Users\ukr_temp\AppData\Local\JetBrains\IntelliJ IDEA Community Edition 2021.1.1\jbr\bin\jli.dll
0x00007ffa6d710000 - 0x00007ffa6d727000 	C:\Users\ukr_temp\AppData\Local\JetBrains\IntelliJ IDEA Community Edition 2021.1.1\jbr\bin\VCRUNTIME140.dll
0x00007ffa9af80000 - 0x00007ffa9b120000 	C:\Windows\System32\USER32.dll
0x00007ffa99cf0000 - 0x00007ffa99d12000 	C:\Windows\System32\win32u.dll
0x00007ffa9bf10000 - 0x00007ffa9bf3a000 	C:\Windows\System32\GDI32.dll
0x00007ffa99e70000 - 0x00007ffa99f7b000 	C:\Windows\System32\gdi32full.dll
0x00007ffa99b90000 - 0x00007ffa99c2d000 	C:\Windows\System32\msvcp_win.dll
0x00007ffa73f90000 - 0x00007ffa7422a000 	C:\Windows\WinSxS\amd64_microsoft.windows.common-controls_6595b64144ccf1df_6.0.19041.1110_none_60b5254171f9507e\COMCTL32.dll
0x00007ffa9c020000 - 0x00007ffa9c0be000 	C:\Windows\System32\msvcrt.dll
0x00007ffa9acb0000 - 0x00007ffa9ace0000 	C:\Windows\System32\IMM32.DLL
0x00007ffa59150000 - 0x00007ffa591ed000 	C:\Users\ukr_temp\AppData\Local\JetBrains\IntelliJ IDEA Community Edition 2021.1.1\jbr\bin\msvcp140.dll
0x00007ffa584f0000 - 0x00007ffa5903f000 	C:\Users\ukr_temp\AppData\Local\JetBrains\IntelliJ IDEA Community Edition 2021.1.1\jbr\bin\server\jvm.dll
0x00007ffa9ac00000 - 0x00007ffa9acac000 	C:\Windows\System32\ADVAPI32.dll
0x00007ffa9b1d0000 - 0x00007ffa9b26b000 	C:\Windows\System32\sechost.dll
0x00007ffa9ae20000 - 0x00007ffa9af4a000 	C:\Windows\System32\RPCRT4.dll
0x00007ffa9c340000 - 0x00007ffa9c348000 	C:\Windows\System32\PSAPI.DLL
0x00007ffa85f90000 - 0x00007ffa85f99000 	C:\Windows\SYSTEM32\WSOCK32.dll
0x00007ffa9b990000 - 0x00007ffa9b9fb000 	C:\Windows\System32\WS2_32.dll
0x00007ffa878b0000 - 0x00007ffa878d7000 	C:\Windows\SYSTEM32\WINMM.dll
0x00007ffa94c30000 - 0x00007ffa94c3a000 	C:\Windows\SYSTEM32\VERSION.dll
0x00007ffa97980000 - 0x00007ffa97992000 	C:\Windows\SYSTEM32\kernel.appcore.dll
0x00007ffa70800000 - 0x00007ffa70811000 	C:\Users\ukr_temp\AppData\Local\JetBrains\IntelliJ IDEA Community Edition 2021.1.1\jbr\bin\verify.dll
0x00007ffa885c0000 - 0x00007ffa887a4000 	C:\Windows\SYSTEM32\DBGHELP.DLL
0x00007ffa87f60000 - 0x00007ffa87f8c000 	C:\Windows\SYSTEM32\dbgcore.DLL
0x00007ffa99c30000 - 0x00007ffa99cb3000 	C:\Windows\System32\bcryptPrimitives.dll
0x00007ffa70630000 - 0x00007ffa70659000 	C:\Users\ukr_temp\AppData\Local\JetBrains\IntelliJ IDEA Community Edition 2021.1.1\jbr\bin\java.dll
0x00007ffa70690000 - 0x00007ffa7069b000 	C:\Users\ukr_temp\AppData\Local\JetBrains\IntelliJ IDEA Community Edition 2021.1.1\jbr\bin\jimage.dll
0x00007ffa6fc60000 - 0x00007ffa6fc78000 	C:\Users\ukr_temp\AppData\Local\JetBrains\IntelliJ IDEA Community Edition 2021.1.1\jbr\bin\zip.dll

dbghelp: loaded successfully - version: 4.0.5 - missing functions: none
symbol engine: initialized successfully - sym options: 0x614 - pdb path: .;C:\Users\ukr_temp\AppData\Local\JetBrains\IntelliJ IDEA Community Edition 2021.1.1\jbr\bin;C:\Windows\SYSTEM32;C:\Windows\WinSxS\amd64_microsoft.windows.common-controls_6595b64144ccf1df_6.0.19041.1110_none_60b5254171f9507e;C:\Users\ukr_temp\AppData\Local\JetBrains\IntelliJ IDEA Community Edition 2021.1.1\jbr\bin\server

VM Arguments:
java_command: org.jetbrains.git4idea.http.GitAskPassApp Password for 'https://Art3609@bitbucket.org': 
java_class_path (initial): C:/Users/ukr_temp/AppData/Local/JetBrains/IntelliJ IDEA Community Edition 2021.1.1/plugins/git4idea/lib/git4idea-rt.jar;C:/Users/ukr_temp/AppData/Local/JetBrains/IntelliJ IDEA Community Edition 2021.1.1/lib/xmlrpc-2.0.1.jar;C:/Users/ukr_temp/AppData/Local/JetBrains/IntelliJ IDEA Community Edition 2021.1.1/lib/commons-codec-1.15.jar
Launcher Type: SUN_STANDARD

[Global flags]
     intx CICompilerCount                          = 4                                         {product} {ergonomic}
     uint ConcGCThreads                            = 2                                         {product} {ergonomic}
     uint G1ConcRefinementThreads                  = 8                                         {product} {ergonomic}
   size_t G1HeapRegionSize                         = 2097152                                   {product} {ergonomic}
    uintx GCDrainStackTargetSize                   = 64                                        {product} {ergonomic}
   size_t InitialHeapSize                          = 536870912                                 {product} {ergonomic}
   size_t MarkStackSize                            = 4194304                                   {product} {ergonomic}
   size_t MaxHeapSize                              = 8560574464                                {product} {ergonomic}
   size_t MinHeapDeltaBytes                        = 2097152                                   {product} {ergonomic}
    uintx NonNMethodCodeHeapSize                   = 5836300                                {pd product} {ergonomic}
    uintx NonProfiledCodeHeapSize                  = 122910970                              {pd product} {ergonomic}
    uintx ProfiledCodeHeapSize                     = 122910970                              {pd product} {ergonomic}
    uintx ReservedCodeCacheSize                    = 251658240                              {pd product} {ergonomic}
     bool SegmentedCodeCache                       = true                                      {product} {ergonomic}
     bool UseCompressedClassPointers               = true                                 {lp64_product} {ergonomic}
     bool UseCompressedOops                        = true                                 {lp64_product} {ergonomic}
     bool UseG1GC                                  = true                                      {product} {ergonomic}
     bool UseLargePagesIndividualAllocation        = false                                  {pd product} {ergonomic}

Logging:
Log output configuration:
 #0: stdout all=warning uptime,level,tags
 #1: stderr all=off uptime,level,tags

Environment Variables:
PATH=C:/Users/ukr_temp/AppData/Local/Programs/Git/mingw64/libexec/git-core;C:/Users/ukr_temp/AppData/Local/Programs/Git/mingw64/libexec/git-core;C:\Users\ukr_temp\AppData\Local\Programs\Git\mingw64\bin;C:\Users\ukr_temp\AppData\Local\Programs\Git\usr\bin;C:\Users\ukr_temp\bin;C:\Windows\system32;C:\Windows;C:\Windows\System32\Wbem;C:\Windows\System32\WindowsPowerShell\v1.0\;C:\Windows\System32\OpenSSH\;C:\Program Files (x86)\Microsoft SQL Server\150\DTS\Binn\;C:\Program Files\Azure Data Studio\bin;C:\Program Files\Microsoft SQL Server\Client SDK\ODBC\170\Tools\Binn\;C:\Program Files (x86)\Microsoft SQL Server\150\Tools\Binn\;C:\Program Files\Microsoft SQL Server\150\Tools\Binn\;C:\Program Files\Microsoft SQL Server\150\DTS\Binn\;C:\Program Files\Docker\Docker\resources\bin;C:\ProgramData\DockerDesktop\version-bin;C:\Users\ukr_temp\AppData\Local\Microsoft\WindowsApps;C:\Users\ukr_temp\AppData\Local\Programs\Git\cmd
USERNAME=ukr_temp
DISPLAY=:0.0
LC_ALL=en_US.UTF-8
OS=Windows_NT
PROCESSOR_IDENTIFIER=Intel64 Family 6 Model 158 Stepping 9, GenuineIntel



---------------  S Y S T E M  ---------------

OS: Windows 10 , 64 bit Build 19041 (10.0.19041.1023)
OS uptime: 2 days 3:34 hours
Hyper-V role detected

CPU:total 8 (initial active 8) (4 cores per cpu, 2 threads per core) family 6 model 158 stepping 9 microcode 0xb4, cmov, cx8, fxsr, mmx, sse, sse2, sse3, ssse3, sse4.1, sse4.2, popcnt, avx, avx2, aes, clmul, erms, rtm, 3dnowpref, lzcnt, ht, tsc, tscinvbit, bmi1, bmi2, adx, fma

Memory: 4k page, system-wide physical 32655M (17647M free)
TotalPageFile size 45013M (AvailPageFile size 391M)
current process WorkingSet (physical memory assigned to process): 10M, peak: 10M
current process commit charge ("private bytes"): 61M, peak: 573M

vm_info: Dynamic Code Evolution 64-Bit Server VM (11.0.10+9-b1341.41) for windows-amd64 JRE (11.0.10+9-b1341.41), built on Apr 17 2021 07:18:15 by "" with MS VC++ 14.0 (VS2015)

END.
