#
# There is insufficient memory for the Java Runtime Environment to continue.
# Native memory allocation (mmap) failed to map 534773760 bytes for Failed to commit area from 0x0000000602600000 to 0x0000000622400000 of length 534773760.
# Possible reasons:
#   The system is out of physical RAM or swap space
#   The process is running with CompressedOops enabled, and the Java Heap may be blocking the growth of the native heap
# Possible solutions:
#   Reduce memory load on the system
#   Increase physical memory or swap space
#   Check if swap backing store is full
#   Decrease Java heap size (-Xmx/-Xms)
#   Decrease number of Java threads
#   Decrease Java thread stack sizes (-Xss)
#   Set larger code cache with -XX:ReservedCodeCacheSize=
# This output file may be truncated or incomplete.
#
#  Out of Memory Error (./src/hotspot/os/windows/os_windows.cpp:3301), pid=21460, tid=20976
#
# JRE version:  (11.0.11+9) (build )
# Java VM: OpenJDK 64-Bit Server VM (11.0.11+9-b1341.60, mixed mode, sharing, tiered, compressed oops, g1 gc, windows-amd64)
# No core dump will be written. Minidumps are not enabled by default on client versions of Windows
#

---------------  S U M M A R Y ------------

Command Line: org.jetbrains.git4idea.http.GitAskPassApp Password for 'https://loranazarenko@bitbucket.org': 

Host: Intel(R) Core(TM) i7-9700 CPU @ 3.00GHz, 8 cores, 31G,  Windows 10 , 64 bit Build 19041 (10.0.19041.1023)
Time: Wed Aug  4 11:20:05 2021 Russia TZ 2 Standard Time elapsed time: 0.014817 seconds (0d 0h 0m 0s)

---------------  T H R E A D  ---------------

Current thread (0x00000179e8a4e000):  JavaThread "Unknown thread" [_thread_in_vm, id=20976, stack(0x00000046a2000000,0x00000046a2100000)]

Stack: [0x00000046a2000000,0x00000046a2100000]
Native frames: (J=compiled Java code, j=interpreted, Vv=VM code, C=native code)
V  [jvm.dll+0x5f5c8a]
V  [jvm.dll+0x779405]
V  [jvm.dll+0x77aa1d]
V  [jvm.dll+0x77b0d3]
V  [jvm.dll+0x244bc8]
V  [jvm.dll+0x5f3084]
V  [jvm.dll+0x5e7fe5]
V  [jvm.dll+0x30098b]
V  [jvm.dll+0x3008fa]
V  [jvm.dll+0x3007d2]
V  [jvm.dll+0x3056b6]
V  [jvm.dll+0x34e353]
V  [jvm.dll+0x34ea56]
V  [jvm.dll+0x34e453]
V  [jvm.dll+0x2db398]
V  [jvm.dll+0x2dc547]
V  [jvm.dll+0x757bf7]
V  [jvm.dll+0x7593ec]
V  [jvm.dll+0x35b8d9]
V  [jvm.dll+0x73b38e]
V  [jvm.dll+0x3c3cc3]
V  [jvm.dll+0x3c60e1]
C  [jli.dll+0x5373]
C  [ucrtbase.dll+0x21bb2]
C  [KERNEL32.dll+0x17034]
C  [ntdll.dll+0x52651]


---------------  P R O C E S S  ---------------

Threads class SMR info:
_java_thread_list=0x00000179e8998e10, length=0, elements={
}

Java Threads: ( => current thread )

Other Threads:
  0x00000179e8ab5000 GCTaskThread "GC Thread#0" [stack: 0x00000046a2100000,0x00000046a2200000] [id=20512]
  0x00000179e8b34000 ConcurrentGCThread "G1 Main Marker" [stack: 0x00000046a2200000,0x00000046a2300000] [id=21324]
  0x00000179e8b37000 ConcurrentGCThread "G1 Conc#0" [stack: 0x00000046a2300000,0x00000046a2400000] [id=1912]

[error occurred during error reporting (printing all threads), id 0xc0000005, EXCEPTION_ACCESS_VIOLATION (0xc0000005) at pc=0x00007ffbc2e6b9f7]

VM state:not at safepoint (not fully initialized)

VM Mutex/Monitor currently owned by a thread:  ([mutex/lock_event])
[0x00000179e8a4a790] Heap_lock - owner thread: 0x00000179e8a4e000

Heap address: 0x0000000602600000, size: 8154 MB, Compressed Oops mode: Non-zero based: 0x0000000602600000
Narrow klass base: 0x0000000000000000, Narrow klass shift: 0

GC Heap History (0 events):
No events

Deoptimization events (0 events):
No events

Classes redefined (0 events):
No events

Internal exceptions (0 events):
No events

Events (1 events):
Event: 0.009 Loaded shared library C:\Users\ukr_temp\AppData\Local\JetBrains\IntelliJ IDEA Community Edition 2021.1.1\jbr\bin\zip.dll


Dynamic libraries:
0x00007ff7ce8f0000 - 0x00007ff7ce8fa000 	C:\Users\ukr_temp\AppData\Local\JetBrains\IntelliJ IDEA Community Edition 2021.1.1\jbr\bin\java.exe
0x00007ffc0e430000 - 0x00007ffc0e625000 	C:\WINDOWS\SYSTEM32\ntdll.dll
0x00007ffc0d220000 - 0x00007ffc0d2dd000 	C:\WINDOWS\System32\KERNEL32.dll
0x00007ffc0b910000 - 0x00007ffc0ba29000 	C:\Windows\system32\hmpalert.dll
0x00007ffc0be80000 - 0x00007ffc0c149000 	C:\WINDOWS\System32\KERNELBASE.dll
0x00007ffc0bb70000 - 0x00007ffc0bc70000 	C:\WINDOWS\System32\ucrtbase.dll
0x00007ffc08190000 - 0x00007ffc081a9000 	C:\Users\ukr_temp\AppData\Local\JetBrains\IntelliJ IDEA Community Edition 2021.1.1\jbr\bin\jli.dll
0x00007ffc07ef0000 - 0x00007ffc07f07000 	C:\Users\ukr_temp\AppData\Local\JetBrains\IntelliJ IDEA Community Edition 2021.1.1\jbr\bin\VCRUNTIME140.dll
0x00007ffc0d080000 - 0x00007ffc0d220000 	C:\WINDOWS\System32\USER32.dll
0x00007ffc0c470000 - 0x00007ffc0c492000 	C:\WINDOWS\System32\win32u.dll
0x00007ffc0d920000 - 0x00007ffc0d94a000 	C:\WINDOWS\System32\GDI32.dll
0x00007ffc0c360000 - 0x00007ffc0c46b000 	C:\WINDOWS\System32\gdi32full.dll
0x00007ffc0c2c0000 - 0x00007ffc0c35d000 	C:\WINDOWS\System32\msvcp_win.dll
0x00007ffbeab90000 - 0x00007ffbeae2a000 	C:\WINDOWS\WinSxS\amd64_microsoft.windows.common-controls_6595b64144ccf1df_6.0.19041.1110_none_60b5254171f9507e\COMCTL32.dll
0x00007ffc0d310000 - 0x00007ffc0d3ae000 	C:\WINDOWS\System32\msvcrt.dll
0x00007ffc0d2e0000 - 0x00007ffc0d310000 	C:\WINDOWS\System32\IMM32.DLL
0x00007ffbc4170000 - 0x00007ffbc420d000 	C:\Users\ukr_temp\AppData\Local\JetBrains\IntelliJ IDEA Community Edition 2021.1.1\jbr\bin\msvcp140.dll
0x00007ffbc2b80000 - 0x00007ffbc36c9000 	C:\Users\ukr_temp\AppData\Local\JetBrains\IntelliJ IDEA Community Edition 2021.1.1\jbr\bin\server\jvm.dll
0x00007ffc0cec0000 - 0x00007ffc0cf6c000 	C:\WINDOWS\System32\ADVAPI32.dll
0x00007ffc0d950000 - 0x00007ffc0d9eb000 	C:\WINDOWS\System32\sechost.dll
0x00007ffc0c530000 - 0x00007ffc0c65a000 	C:\WINDOWS\System32\RPCRT4.dll
0x00007ffc0dad0000 - 0x00007ffc0dad8000 	C:\WINDOWS\System32\PSAPI.DLL
0x00007ffbfa7f0000 - 0x00007ffbfa7f9000 	C:\WINDOWS\SYSTEM32\WSOCK32.dll
0x00007ffc0e070000 - 0x00007ffc0e0db000 	C:\WINDOWS\System32\WS2_32.dll
0x00007ffbf2220000 - 0x00007ffbf2247000 	C:\WINDOWS\SYSTEM32\WINMM.dll
0x00007ffc07e60000 - 0x00007ffc07e6a000 	C:\WINDOWS\SYSTEM32\VERSION.dll
0x00007ffc09960000 - 0x00007ffc09972000 	C:\WINDOWS\SYSTEM32\kernel.appcore.dll
0x00007ffbe8840000 - 0x00007ffbe8851000 	C:\Users\ukr_temp\AppData\Local\JetBrains\IntelliJ IDEA Community Edition 2021.1.1\jbr\bin\verify.dll
0x00007ffbfa3b0000 - 0x00007ffbfa594000 	C:\WINDOWS\SYSTEM32\DBGHELP.DLL
0x00007ffbfa340000 - 0x00007ffbfa36c000 	C:\WINDOWS\SYSTEM32\dbgcore.DLL
0x00007ffc0c230000 - 0x00007ffc0c2b3000 	C:\WINDOWS\System32\bcryptPrimitives.dll
0x00007ffbe6fe0000 - 0x00007ffbe7009000 	C:\Users\ukr_temp\AppData\Local\JetBrains\IntelliJ IDEA Community Edition 2021.1.1\jbr\bin\java.dll
0x00007ffbe8830000 - 0x00007ffbe883b000 	C:\Users\ukr_temp\AppData\Local\JetBrains\IntelliJ IDEA Community Edition 2021.1.1\jbr\bin\jimage.dll
0x00007ffbe6a00000 - 0x00007ffbe6a18000 	C:\Users\ukr_temp\AppData\Local\JetBrains\IntelliJ IDEA Community Edition 2021.1.1\jbr\bin\zip.dll

dbghelp: loaded successfully - version: 4.0.5 - missing functions: none
symbol engine: initialized successfully - sym options: 0x614 - pdb path: .;C:\Users\ukr_temp\AppData\Local\JetBrains\IntelliJ IDEA Community Edition 2021.1.1\jbr\bin;C:\WINDOWS\SYSTEM32;C:\WINDOWS\WinSxS\amd64_microsoft.windows.common-controls_6595b64144ccf1df_6.0.19041.1110_none_60b5254171f9507e;C:\Users\ukr_temp\AppData\Local\JetBrains\IntelliJ IDEA Community Edition 2021.1.1\jbr\bin\server

VM Arguments:
java_command: org.jetbrains.git4idea.http.GitAskPassApp Password for 'https://loranazarenko@bitbucket.org': 
java_class_path (initial): C:/Users/ukr_temp/AppData/Local/JetBrains/IntelliJ IDEA Community Edition 2021.1.1/plugins/git4idea/lib/git4idea-rt.jar;C:/Users/ukr_temp/AppData/Local/JetBrains/IntelliJ IDEA Community Edition 2021.1.1/lib/xmlrpc-2.0.1.jar;C:/Users/ukr_temp/AppData/Local/JetBrains/IntelliJ IDEA Community Edition 2021.1.1/lib/commons-codec-1.15.jar
Launcher Type: SUN_STANDARD

[Global flags]
     intx CICompilerCount                          = 4                                         {product} {ergonomic}
     uint ConcGCThreads                            = 2                                         {product} {ergonomic}
     uint G1ConcRefinementThreads                  = 8                                         {product} {ergonomic}
   size_t G1HeapRegionSize                         = 2097152                                   {product} {ergonomic}
    uintx GCDrainStackTargetSize                   = 64                                        {product} {ergonomic}
   size_t InitialHeapSize                          = 534773760                                 {product} {ergonomic}
   size_t MarkStackSize                            = 4194304                                   {product} {ergonomic}
   size_t MaxHeapSize                              = 8550088704                                {product} {ergonomic}
   size_t MinHeapDeltaBytes                        = 2097152                                   {product} {ergonomic}
    uintx NonNMethodCodeHeapSize                   = 5836300                                {pd product} {ergonomic}
    uintx NonProfiledCodeHeapSize                  = 122910970                              {pd product} {ergonomic}
    uintx ProfiledCodeHeapSize                     = 122910970                              {pd product} {ergonomic}
    uintx ReservedCodeCacheSize                    = 251658240                              {pd product} {ergonomic}
     bool SegmentedCodeCache                       = true                                      {product} {ergonomic}
     bool UseCompressedClassPointers               = true                                 {lp64_product} {ergonomic}
     bool UseCompressedOops                        = true                                 {lp64_product} {ergonomic}
     bool UseG1GC                                  = true                                      {product} {ergonomic}
     bool UseLargePagesIndividualAllocation        = false                                  {pd product} {ergonomic}

Logging:
Log output configuration:
 #0: stdout all=warning uptime,level,tags
 #1: stderr all=off uptime,level,tags

Environment Variables:
PATH=C:\Users\ukr_temp\AppData\Local\Programs\Git\mingw64\libexec\git-core;C:\Users\ukr_temp\AppData\Local\Programs\Git\mingw64\libexec\git-core;C:\Users\ukr_temp\AppData\Local\Programs\Git\mingw64\bin;C:\Users\ukr_temp\AppData\Local\Programs\Git\usr\bin;C:\Users\ukr_temp\bin;C:\Users\ukr_temp\.jdks\adopt-openj9-11.0.11\bin;C:\WINDOWS\system32;C:\WINDOWS;C:\WINDOWS\System32\Wbem;C:\WINDOWS\System32\WindowsPowerShell\v1.0;C:\WINDOWS\System32\OpenSSH;C:\Program Files (x86)\Microsoft SQL Server\150\DTS\Binn;C:\Program Files\Azure Data Studio\bin;C:\Gradle\gradle-7.0.2\bin;C:\Program Files\Docker\Docker\resources\bin;C:\ProgramData\DockerDesktop\version-bin;C:\Users\ukr_temp\AppData\Local\Microsoft\WindowsApps;C:\Users\ukr_temp\AppData\Local\Programs\Git\cmd
USERNAME=ukr_temp
DISPLAY=:0.0
LC_ALL=en_US.UTF-8
OS=Windows_NT
PROCESSOR_IDENTIFIER=Intel64 Family 6 Model 158 Stepping 13, GenuineIntel



---------------  S Y S T E M  ---------------

OS: Windows 10 , 64 bit Build 19041 (10.0.19041.1023)
OS uptime: 2 days 3:23 hours
Hyper-V role detected

CPU:total 8 (initial active 8) (8 cores per cpu, 1 threads per core) family 6 model 158 stepping 13 microcode 0xb8, cmov, cx8, fxsr, mmx, sse, sse2, sse3, ssse3, sse4.1, sse4.2, popcnt, avx, avx2, aes, clmul, erms, rtm, 3dnowpref, lzcnt, tsc, tscinvbit, bmi1, bmi2, adx, fma

Memory: 4k page, system-wide physical 32615M (15572M free)
TotalPageFile size 57475M (AvailPageFile size 382M)
current process WorkingSet (physical memory assigned to process): 10M, peak: 10M
current process commit charge ("private bytes"): 61M, peak: 571M

vm_info: OpenJDK 64-Bit Server VM (11.0.11+9-b1341.60) for windows-amd64 JRE (11.0.11+9-b1341.60), built on Jun  4 2021 08:17:54 by "" with MS VC++ 14.0 (VS2015)

END.
