#
# There is insufficient memory for the Java Runtime Environment to continue.
# Native memory allocation (mmap) failed to map 534773760 bytes for Failed to commit area from 0x0000000602600000 to 0x0000000622400000 of length 534773760.
# Possible reasons:
#   The system is out of physical RAM or swap space
#   The process is running with CompressedOops enabled, and the Java Heap may be blocking the growth of the native heap
# Possible solutions:
#   Reduce memory load on the system
#   Increase physical memory or swap space
#   Check if swap backing store is full
#   Decrease Java heap size (-Xmx/-Xms)
#   Decrease number of Java threads
#   Decrease Java thread stack sizes (-Xss)
#   Set larger code cache with -XX:ReservedCodeCacheSize=
# This output file may be truncated or incomplete.
#
#  Out of Memory Error (./src/hotspot/os/windows/os_windows.cpp:3301), pid=16200, tid=8816
#
# JRE version:  (11.0.11+9) (build )
# Java VM: OpenJDK 64-Bit Server VM (11.0.11+9-b1341.60, mixed mode, sharing, tiered, compressed oops, g1 gc, windows-amd64)
# No core dump will be written. Minidumps are not enabled by default on client versions of Windows
#

---------------  S U M M A R Y ------------

Command Line: org.jetbrains.git4idea.http.GitAskPassApp Password for 'https://loranazarenko@bitbucket.org': 

Host: Intel(R) Core(TM) i7-9700 CPU @ 3.00GHz, 8 cores, 31G,  Windows 10 , 64 bit Build 19041 (10.0.19041.1023)
Time: Mon Aug  9 16:23:02 2021 Russia TZ 2 Standard Time elapsed time: 0.012593 seconds (0d 0h 0m 0s)

---------------  T H R E A D  ---------------

Current thread (0x00000206f4f2c800):  JavaThread "Unknown thread" [_thread_in_vm, id=8816, stack(0x0000004597400000,0x0000004597500000)]

Stack: [0x0000004597400000,0x0000004597500000]
Native frames: (J=compiled Java code, j=interpreted, Vv=VM code, C=native code)
V  [jvm.dll+0x5f5c8a]
V  [jvm.dll+0x779405]
V  [jvm.dll+0x77aa1d]
V  [jvm.dll+0x77b0d3]
V  [jvm.dll+0x244bc8]
V  [jvm.dll+0x5f3084]
V  [jvm.dll+0x5e7fe5]
V  [jvm.dll+0x30098b]
V  [jvm.dll+0x3008fa]
V  [jvm.dll+0x3007d2]
V  [jvm.dll+0x3056b6]
V  [jvm.dll+0x34e353]
V  [jvm.dll+0x34ea56]
V  [jvm.dll+0x34e453]
V  [jvm.dll+0x2db398]
V  [jvm.dll+0x2dc547]
V  [jvm.dll+0x757bf7]
V  [jvm.dll+0x7593ec]
V  [jvm.dll+0x35b8d9]
V  [jvm.dll+0x73b38e]
V  [jvm.dll+0x3c3cc3]
V  [jvm.dll+0x3c60e1]
C  [jli.dll+0x5373]
C  [ucrtbase.dll+0x21bb2]
C  [KERNEL32.dll+0x17034]
C  [ntdll.dll+0x52651]


---------------  P R O C E S S  ---------------

Threads class SMR info:
_java_thread_list=0x00000206f2d28b10, length=0, elements={
}

Java Threads: ( => current thread )

Other Threads:
  0x00000206f4f45000 GCTaskThread "GC Thread#0" [stack: 0x0000004597500000,0x0000004597600000] [id=8820]
  0x00000206f4fc5800 ConcurrentGCThread "G1 Main Marker" [stack: 0x0000004597600000,0x0000004597700000] [id=12724]
  0x00000206f4fc8800 ConcurrentGCThread "G1 Conc#0" [stack: 0x0000004597700000,0x0000004597800000] [id=20116]

[error occurred during error reporting (printing all threads), id 0xc0000005, EXCEPTION_ACCESS_VIOLATION (0xc0000005) at pc=0x00007ffe3516b9f7]

VM state:not at safepoint (not fully initialized)

VM Mutex/Monitor currently owned by a thread:  ([mutex/lock_event])
[0x00000206f4f2a440] Heap_lock - owner thread: 0x00000206f4f2c800

Heap address: 0x0000000602600000, size: 8154 MB, Compressed Oops mode: Non-zero based: 0x0000000602600000
Narrow klass base: 0x0000000000000000, Narrow klass shift: 0

GC Heap History (0 events):
No events

Deoptimization events (0 events):
No events

Classes redefined (0 events):
No events

Internal exceptions (0 events):
No events

Events (1 events):
Event: 0.008 Loaded shared library C:\Users\ukr_temp\AppData\Local\JetBrains\IntelliJ IDEA Community Edition 2021.1.1\jbr\bin\zip.dll


Dynamic libraries:
0x00007ff66eeb0000 - 0x00007ff66eeba000 	C:\Users\ukr_temp\AppData\Local\JetBrains\IntelliJ IDEA Community Edition 2021.1.1\jbr\bin\java.exe
0x00007ffe72490000 - 0x00007ffe72685000 	C:\WINDOWS\SYSTEM32\ntdll.dll
0x00007ffe71e40000 - 0x00007ffe71efd000 	C:\WINDOWS\System32\KERNEL32.dll
0x00007ffe6f970000 - 0x00007ffe6fa89000 	C:\Windows\system32\hmpalert.dll
0x00007ffe6fe00000 - 0x00007ffe700c9000 	C:\WINDOWS\System32\KERNELBASE.dll
0x00007ffe701e0000 - 0x00007ffe702e0000 	C:\WINDOWS\System32\ucrtbase.dll
0x00007ffe4aa70000 - 0x00007ffe4aa89000 	C:\Users\ukr_temp\AppData\Local\JetBrains\IntelliJ IDEA Community Edition 2021.1.1\jbr\bin\jli.dll
0x00007ffe4d250000 - 0x00007ffe4d267000 	C:\Users\ukr_temp\AppData\Local\JetBrains\IntelliJ IDEA Community Edition 2021.1.1\jbr\bin\VCRUNTIME140.dll
0x00007ffe70990000 - 0x00007ffe70b30000 	C:\WINDOWS\System32\USER32.dll
0x00007ffe702e0000 - 0x00007ffe70302000 	C:\WINDOWS\System32\win32u.dll
0x00007ffe72020000 - 0x00007ffe7204a000 	C:\WINDOWS\System32\GDI32.dll
0x00007ffe700d0000 - 0x00007ffe701db000 	C:\WINDOWS\System32\gdi32full.dll
0x00007ffe6fc80000 - 0x00007ffe6fd1d000 	C:\WINDOWS\System32\msvcp_win.dll
0x00007ffe53900000 - 0x00007ffe53b9a000 	C:\WINDOWS\WinSxS\amd64_microsoft.windows.common-controls_6595b64144ccf1df_6.0.19041.1110_none_60b5254171f9507e\COMCTL32.dll
0x00007ffe71f80000 - 0x00007ffe7201e000 	C:\WINDOWS\System32\msvcrt.dll
0x00007ffe72420000 - 0x00007ffe72450000 	C:\WINDOWS\System32\IMM32.DLL
0x00007ffe28c60000 - 0x00007ffe28cfd000 	C:\Users\ukr_temp\AppData\Local\JetBrains\IntelliJ IDEA Community Edition 2021.1.1\jbr\bin\msvcp140.dll
0x00007ffe34e80000 - 0x00007ffe359c9000 	C:\Users\ukr_temp\AppData\Local\JetBrains\IntelliJ IDEA Community Edition 2021.1.1\jbr\bin\server\jvm.dll
0x00007ffe70e30000 - 0x00007ffe70edc000 	C:\WINDOWS\System32\ADVAPI32.dll
0x00007ffe72250000 - 0x00007ffe722eb000 	C:\WINDOWS\System32\sechost.dll
0x00007ffe722f0000 - 0x00007ffe7241a000 	C:\WINDOWS\System32\RPCRT4.dll
0x00007ffe70e10000 - 0x00007ffe70e18000 	C:\WINDOWS\System32\PSAPI.DLL
0x00007ffe5e930000 - 0x00007ffe5e939000 	C:\WINDOWS\SYSTEM32\WSOCK32.dll
0x00007ffe71410000 - 0x00007ffe7147b000 	C:\WINDOWS\System32\WS2_32.dll
0x00007ffe5c480000 - 0x00007ffe5c4a7000 	C:\WINDOWS\SYSTEM32\WINMM.dll
0x00007ffe6b200000 - 0x00007ffe6b20a000 	C:\WINDOWS\SYSTEM32\VERSION.dll
0x00007ffe6d9c0000 - 0x00007ffe6d9d2000 	C:\WINDOWS\SYSTEM32\kernel.appcore.dll
0x00007ffe4d200000 - 0x00007ffe4d211000 	C:\Users\ukr_temp\AppData\Local\JetBrains\IntelliJ IDEA Community Edition 2021.1.1\jbr\bin\verify.dll
0x00007ffe5cc80000 - 0x00007ffe5ce64000 	C:\WINDOWS\SYSTEM32\DBGHELP.DLL
0x00007ffe5c750000 - 0x00007ffe5c77c000 	C:\WINDOWS\SYSTEM32\dbgcore.DLL
0x00007ffe70470000 - 0x00007ffe704f3000 	C:\WINDOWS\System32\bcryptPrimitives.dll
0x00007ffe4c770000 - 0x00007ffe4c799000 	C:\Users\ukr_temp\AppData\Local\JetBrains\IntelliJ IDEA Community Edition 2021.1.1\jbr\bin\java.dll
0x00007ffe4da40000 - 0x00007ffe4da4b000 	C:\Users\ukr_temp\AppData\Local\JetBrains\IntelliJ IDEA Community Edition 2021.1.1\jbr\bin\jimage.dll
0x00007ffe4d0b0000 - 0x00007ffe4d0c8000 	C:\Users\ukr_temp\AppData\Local\JetBrains\IntelliJ IDEA Community Edition 2021.1.1\jbr\bin\zip.dll

dbghelp: loaded successfully - version: 4.0.5 - missing functions: none
symbol engine: initialized successfully - sym options: 0x614 - pdb path: .;C:\Users\ukr_temp\AppData\Local\JetBrains\IntelliJ IDEA Community Edition 2021.1.1\jbr\bin;C:\WINDOWS\SYSTEM32;C:\WINDOWS\WinSxS\amd64_microsoft.windows.common-controls_6595b64144ccf1df_6.0.19041.1110_none_60b5254171f9507e;C:\Users\ukr_temp\AppData\Local\JetBrains\IntelliJ IDEA Community Edition 2021.1.1\jbr\bin\server

VM Arguments:
java_command: org.jetbrains.git4idea.http.GitAskPassApp Password for 'https://loranazarenko@bitbucket.org': 
java_class_path (initial): C:/Users/ukr_temp/AppData/Local/JetBrains/IntelliJ IDEA Community Edition 2021.1.1/plugins/git4idea/lib/git4idea-rt.jar;C:/Users/ukr_temp/AppData/Local/JetBrains/IntelliJ IDEA Community Edition 2021.1.1/lib/xmlrpc-2.0.1.jar;C:/Users/ukr_temp/AppData/Local/JetBrains/IntelliJ IDEA Community Edition 2021.1.1/lib/commons-codec-1.15.jar
Launcher Type: SUN_STANDARD

[Global flags]
     intx CICompilerCount                          = 4                                         {product} {ergonomic}
     uint ConcGCThreads                            = 2                                         {product} {ergonomic}
     uint G1ConcRefinementThreads                  = 8                                         {product} {ergonomic}
   size_t G1HeapRegionSize                         = 2097152                                   {product} {ergonomic}
    uintx GCDrainStackTargetSize                   = 64                                        {product} {ergonomic}
   size_t InitialHeapSize                          = 534773760                                 {product} {ergonomic}
   size_t MarkStackSize                            = 4194304                                   {product} {ergonomic}
   size_t MaxHeapSize                              = 8550088704                                {product} {ergonomic}
   size_t MinHeapDeltaBytes                        = 2097152                                   {product} {ergonomic}
    uintx NonNMethodCodeHeapSize                   = 5836300                                {pd product} {ergonomic}
    uintx NonProfiledCodeHeapSize                  = 122910970                              {pd product} {ergonomic}
    uintx ProfiledCodeHeapSize                     = 122910970                              {pd product} {ergonomic}
    uintx ReservedCodeCacheSize                    = 251658240                              {pd product} {ergonomic}
     bool SegmentedCodeCache                       = true                                      {product} {ergonomic}
     bool UseCompressedClassPointers               = true                                 {lp64_product} {ergonomic}
     bool UseCompressedOops                        = true                                 {lp64_product} {ergonomic}
     bool UseG1GC                                  = true                                      {product} {ergonomic}
     bool UseLargePagesIndividualAllocation        = false                                  {pd product} {ergonomic}

Logging:
Log output configuration:
 #0: stdout all=warning uptime,level,tags
 #1: stderr all=off uptime,level,tags

Environment Variables:
PATH=C:\Users\ukr_temp\AppData\Local\Programs\Git\mingw64\libexec\git-core;C:\Users\ukr_temp\AppData\Local\Programs\Git\mingw64\libexec\git-core;C:\Users\ukr_temp\AppData\Local\Programs\Git\mingw64\bin;C:\Users\ukr_temp\AppData\Local\Programs\Git\usr\bin;C:\Users\ukr_temp\bin;C:\Users\ukr_temp\.jdks\adopt-openj9-11.0.11\bin;C:\WINDOWS\system32;C:\WINDOWS;C:\WINDOWS\System32\Wbem;C:\WINDOWS\System32\WindowsPowerShell\v1.0;C:\WINDOWS\System32\OpenSSH;C:\Program Files (x86)\Microsoft SQL Server\150\DTS\Binn;C:\Program Files\Azure Data Studio\bin;C:\Gradle\gradle-7.0.2\bin;C:\Program Files\Docker\Docker\resources\bin;C:\ProgramData\DockerDesktop\version-bin;C:\Users\ukr_temp\AppData\Local\Microsoft\WindowsApps;C:\Users\ukr_temp\AppData\Local\Programs\Git\cmd
USERNAME=ukr_temp
DISPLAY=:0.0
LC_ALL=en_US.UTF-8
OS=Windows_NT
PROCESSOR_IDENTIFIER=Intel64 Family 6 Model 158 Stepping 13, GenuineIntel



---------------  S Y S T E M  ---------------

OS: Windows 10 , 64 bit Build 19041 (10.0.19041.1023)
OS uptime: 4 days 2:23 hours
Hyper-V role detected

CPU:total 8 (initial active 8) (8 cores per cpu, 1 threads per core) family 6 model 158 stepping 13 microcode 0xb8, cmov, cx8, fxsr, mmx, sse, sse2, sse3, ssse3, sse4.1, sse4.2, popcnt, avx, avx2, aes, clmul, erms, rtm, 3dnowpref, lzcnt, tsc, tscinvbit, bmi1, bmi2, adx, fma

Memory: 4k page, system-wide physical 32615M (17216M free)
TotalPageFile size 57536M (AvailPageFile size 206M)
current process WorkingSet (physical memory assigned to process): 10M, peak: 10M
current process commit charge ("private bytes"): 61M, peak: 570M

vm_info: OpenJDK 64-Bit Server VM (11.0.11+9-b1341.60) for windows-amd64 JRE (11.0.11+9-b1341.60), built on Jun  4 2021 08:17:54 by "" with MS VC++ 14.0 (VS2015)

END.
